[2025-07-06 20:35:38,282] WARNING predict() L105  Erro de validação ao adicionar aluno: Dados de entrada inválidos. Detalhes: 11 validation errors for AlunoSchema
age
  field required (type=value_error.missing)
gender
  field required (type=value_error.missing)
academic_level
  field required (type=value_error.missing)
country
  field required (type=value_error.missing)
avg_daily_usage_hours
  field required (type=value_error.missing)
most_used_platform
  field required (type=value_error.missing)
affects_academic_performance
  field required (type=value_error.missing)
sleep_hours_per_night
  field required (type=value_error.missing)
mental_health_score
  field required (type=value_error.missing)
relationship_status
  field required (type=value_error.missing)
conflicts_over_social_media
  field required (type=value_error.missing) - call_trace=C:\Users\leonardo.romariz\Documents\addicted-V1.2\Projetinho\backend\app.py L105 
[2025-07-06 20:35:38,314] WARNING predict() L105  Erro de validação ao adicionar aluno: Dados de entrada inválidos. Detalhes: 11 validation errors for AlunoSchema
age
  field required (type=value_error.missing)
gender
  field required (type=value_error.missing)
academic_level
  field required (type=value_error.missing)
country
  field required (type=value_error.missing)
avg_daily_usage_hours
  field required (type=value_error.missing)
most_used_platform
  field required (type=value_error.missing)
affects_academic_performance
  field required (type=value_error.missing)
sleep_hours_per_night
  field required (type=value_error.missing)
mental_health_score
  field required (type=value_error.missing)
relationship_status
  field required (type=value_error.missing)
conflicts_over_social_media
  field required (type=value_error.missing) - call_trace=C:\Users\leonardo.romariz\Documents\addicted-V1.2\Projetinho\backend\app.py L105 
[2025-07-06 20:35:38,316] WARNING get_aluno() L219  Erro ao buscar aluno '9999999999', Aluno 9999999999 não encontrado na base :/ - call_trace=C:\Users\leonardo.romariz\Documents\addicted-V1.2\Projetinho\backend\app.py L219 
[2025-07-06 20:35:38,430] WARNING predict() L105  Erro de validação ao adicionar aluno: Dados de entrada inválidos. Detalhes: 11 validation errors for AlunoSchema
age
  field required (type=value_error.missing)
gender
  field required (type=value_error.missing)
academic_level
  field required (type=value_error.missing)
country
  field required (type=value_error.missing)
avg_daily_usage_hours
  field required (type=value_error.missing)
most_used_platform
  field required (type=value_error.missing)
affects_academic_performance
  field required (type=value_error.missing)
sleep_hours_per_night
  field required (type=value_error.missing)
mental_health_score
  field required (type=value_error.missing)
relationship_status
  field required (type=value_error.missing)
conflicts_over_social_media
  field required (type=value_error.missing) - call_trace=C:\Users\leonardo.romariz\Documents\addicted-V1.2\Projetinho\backend\app.py L105 
[2025-07-06 20:35:38,440] WARNING delete_aluno() L259  Erro ao deletar aluno '9999999999', Aluno não encontrado na base :/ - call_trace=C:\Users\leonardo.romariz\Documents\addicted-V1.2\Projetinho\backend\app.py L259 
[2025-07-06 20:37:38,656] WARNING get_aluno() L219  Erro ao buscar aluno '999999999999999999', Aluno 999999999999999999 não encontrado na base :/ - call_trace=C:\Users\leonardo.romariz\Documents\addicted-V1.2\Projetinho\backend\app.py L219 
[2025-07-06 20:37:38,741] WARNING delete_aluno() L259  Erro ao deletar aluno '999999999999999999', Aluno não encontrado na base :/ - call_trace=C:\Users\leonardo.romariz\Documents\addicted-V1.2\Projetinho\backend\app.py L259 
[2025-07-06 20:53:05,873] WARNING get_aluno() L219  Erro ao buscar aluno '999999999999999999', Aluno 999999999999999999 não encontrado na base :/ - call_trace=C:\Users\leonardo.romariz\Documents\addicted-V1.2\Projetinho\backend\app.py L219 
[2025-07-06 20:53:05,967] WARNING delete_aluno() L259  Erro ao deletar aluno '999999999999999999', Aluno não encontrado na base :/ - call_trace=C:\Users\leonardo.romariz\Documents\addicted-V1.2\Projetinho\backend\app.py L259 
